<?xml version="1.0" encoding="UTF-8"?>
<testsuite name="com.dataStructureLinkedList.MyQueueTest" tests="2" skipped="0" failures="0" errors="0" timestamp="2021-05-22T20:34:00" hostname="LAPTOP-JK99497U" time="0.118">
  <properties/>
  <testcase name="given3_NoInQueue_When_Dequeue_From_Queue_Should_MatchWith_Added_Node()" classname="com.dataStructureLinkedList.MyQueueTest" time="0.109"/>
  <testcase name="given3_No_When_AddedToQueue_Should_Have_LastAddedNode()" classname="com.dataStructureLinkedList.MyQueueTest" time="0.004"/>
  <system-out><![CDATA[My Nodes30->56
My Nodes70->30->56
]]></system-out>
  <system-err><![CDATA[]]></system-err>
</testsuite>
