<?xml version="1.0" encoding="UTF-8"?>
<testsuite name="com.dataStructureLinkedList.MyNodeTest" tests="1" skipped="0" failures="0" errors="0" timestamp="2021-05-19T19:08:38" hostname="LAPTOP-JK99497U" time="0.024">
  <properties/>
  <testcase name="given3NumberWhenLinkedShouldPassLinkedListTestCase()" classname="com.dataStructureLinkedList.MyNodeTest" time="0.024"/>
  <system-out><![CDATA[]]></system-out>
  <system-err><![CDATA[]]></system-err>
</testsuite>
