<?xml version="1.0" encoding="UTF-8"?>
<testsuite name="com.dataStructureLinkedList.MyLinkedListTest" tests="1" skipped="0" failures="0" errors="0" timestamp="2021-05-20T18:03:18" hostname="LAPTOP-JK99497U" time="0.121">
  <properties/>
  <testcase name="givenLastElementWhenDeleteShouldPassLinkedListResult()" classname="com.dataStructureLinkedList.MyLinkedListTest" time="0.121"/>
  <system-out><![CDATA[My Nodes70->30->56
My Nodes70->3056
]]></system-out>
  <system-err><![CDATA[]]></system-err>
</testsuite>
