<?xml version="1.0" encoding="UTF-8"?>
<testsuite name="com.dataStructureLinkedList.MyLinkedListTest" tests="1" skipped="0" failures="0" errors="0" timestamp="2021-05-20T16:37:57" hostname="LAPTOP-JK99497U" time="0.023">
  <properties/>
  <testcase name="given3NumbersWhenInsertingSecondInBetweenShouldPassLinkedListResult()" classname="com.dataStructureLinkedList.MyLinkedListTest" time="0.023"/>
  <system-out><![CDATA[My Nodes56->30->70
]]></system-out>
  <system-err><![CDATA[]]></system-err>
</testsuite>
